<?xml version="1.0" encoding="UTF-8"?>
<!-- Generated by org.testng.reporters.JUnitXMLReporter -->
<testsuite ignored="0" hostname="LAPTOP-3KPCD8VB" failures="1" tests="2" name="Test" time="22.4" errors="0" timestamp="2024-07-25T00:06:31 IST">
  <testcase classname="testCases.TC001_AccountRegistrationTest" name="verify_account_registration" time="1.971"/>
  <testcase classname="testCases.TC002_LoginTest" name="verify_Logintest" time="11.216">
    <failure type="java.lang.AssertionError" message="expected [true] but found [false]">
      <![CDATA[java.lang.AssertionError: expected [true] but found [false]
at testCases.TC002_LoginTest.verify_Logintest(TC002_LoginTest.java:51)
at java.base/java.util.ArrayList.forEach(ArrayList.java:1511)
... Removed 31 stack frames]]>
    </failure>
  </testcase> <!-- verify_Logintest -->
</testsuite> <!-- Test -->
